<?xml version="1.0" encoding="UTF-8"?>
<testng-results ignored="0" total="2" passed="2" failed="0" skipped="0">
  <reporter-output>
  </reporter-output>
  <suite started-at="2021-03-11T16:39:20Z" name="nopCommerce" finished-at="2021-03-11T16:39:57Z" duration-ms="37321">
    <groups>
    </groups>
    <test started-at="2021-03-11T16:39:20Z" name="Test1" finished-at="2021-03-11T16:39:57Z" duration-ms="37321">
      <class name="com.nopcommerce.testCases.TC_Login_001">
        <test-method is-config="true" signature="setup(java.lang.String)[pri:0, instance:com.nopcommerce.testCases.TC_Login_001@f4168b8]" started-at="2021-03-11T16:39:20Z" name="setup" finished-at="2021-03-11T16:39:22Z" duration-ms="1654" status="PASS">
          <params>
            <param index="0">
              <value>
                <![CDATA[chrome]]>
              </value>
            </param>
          </params>
          <reporter-output>
          </reporter-output>
        </test-method> <!-- setup -->
        <test-method signature="loginTest()[pri:0, instance:com.nopcommerce.testCases.TC_Login_001@f4168b8]" started-at="2021-03-11T16:39:22Z" name="loginTest" finished-at="2021-03-11T16:39:31Z" duration-ms="9403" status="PASS">
          <reporter-output>
          </reporter-output>
        </test-method> <!-- loginTest -->
        <test-method is-config="true" signature="tearDown()[pri:0, instance:com.nopcommerce.testCases.TC_Login_001@f4168b8]" started-at="2021-03-11T16:39:31Z" name="tearDown" finished-at="2021-03-11T16:39:32Z" duration-ms="580" status="PASS">
          <reporter-output>
          </reporter-output>
        </test-method> <!-- tearDown -->
      </class> <!-- com.nopcommerce.testCases.TC_Login_001 -->
      <class name="com.nopcommerce.testCases.TC_AddCustomerTest_003">
        <test-method is-config="true" signature="setup(java.lang.String)[pri:0, instance:com.nopcommerce.testCases.TC_AddCustomerTest_003@3bd94634]" started-at="2021-03-11T16:39:32Z" name="setup" finished-at="2021-03-11T16:39:33Z" duration-ms="1031" status="PASS">
          <params>
            <param index="0">
              <value>
                <![CDATA[chrome]]>
              </value>
            </param>
          </params>
          <reporter-output>
          </reporter-output>
        </test-method> <!-- setup -->
        <test-method signature="addNewCustomer()[pri:0, instance:com.nopcommerce.testCases.TC_AddCustomerTest_003@3bd94634]" started-at="2021-03-11T16:39:33Z" name="addNewCustomer" finished-at="2021-03-11T16:39:57Z" duration-ms="23963" status="PASS">
          <reporter-output>
          </reporter-output>
        </test-method> <!-- addNewCustomer -->
        <test-method is-config="true" signature="tearDown()[pri:0, instance:com.nopcommerce.testCases.TC_AddCustomerTest_003@3bd94634]" started-at="2021-03-11T16:39:57Z" name="tearDown" finished-at="2021-03-11T16:39:57Z" duration-ms="572" status="PASS">
          <reporter-output>
          </reporter-output>
        </test-method> <!-- tearDown -->
      </class> <!-- com.nopcommerce.testCases.TC_AddCustomerTest_003 -->
    </test> <!-- Test1 -->
  </suite> <!-- nopCommerce -->
</testng-results>
